2023-09-08 21:33:58,619 [Worker-1: Loading available Gradle versions] INFO  o.e.b.c.i.u.g.PublishedGradleVersions - Gradle version information cache is out-of-date. Trying to update.
2023-09-08 21:54:29,946 [Worker-9: Creating project "Question3"] INFO  o.e.m.c.i.l.LifecycleMappingFactory - Using org.eclipse.m2e.jdt.JarLifecycleMapping lifecycle mapping for MavenProject: com.goldilocks:Question3:0.0.1-SNAPSHOT @ C:\Users\fool\OneDrive\Desktop\AssignmentGoldiLocks\Question3\Question3\pom.xml.
2023-09-08 21:54:31,580 [Worker-9: Creating project "Question3"] INFO  o.e.m.j.i.AbstractJavaProjectConfigurator - Adding source folder /Question3/src/main/java
2023-09-08 21:54:31,583 [Worker-9: Creating project "Question3"] INFO  o.e.m.j.i.AbstractJavaProjectConfigurator - Adding resource folder /Question3/src/main/resources
2023-09-08 21:54:31,585 [Worker-9: Creating project "Question3"] INFO  o.e.m.j.i.AbstractJavaProjectConfigurator - Adding source folder /Question3/src/test/java
2023-09-08 21:54:31,585 [Worker-9: Creating project "Question3"] INFO  o.e.m.j.i.AbstractJavaProjectConfigurator - Adding resource folder /Question3/src/test/resources
2023-09-08 21:54:33,598 [Worker-10: Building] WARN  o.e.m.c.i.embedder.EclipseLogger - Using platform encoding (Cp1252 actually) to copy filtered resources, i.e. build is platform dependent!
2023-09-08 21:54:33,609 [Worker-10: Building] INFO  o.e.m.c.i.embedder.EclipseLogger - Copying 0 resource
2023-09-08 21:54:33,614 [Worker-10: Building] WARN  o.e.m.c.i.embedder.EclipseLogger - Using platform encoding (Cp1252 actually) to copy filtered resources, i.e. build is platform dependent!
2023-09-08 21:54:33,616 [Worker-10: Building] INFO  o.e.m.c.i.embedder.EclipseLogger - Copying 0 resource
2023-09-08 22:03:12,217 [Worker-14: Building] INFO  o.e.m.c.i.l.LifecycleMappingFactory - Using org.eclipse.m2e.jdt.JarLifecycleMapping lifecycle mapping for MavenProject: com.goldilocks:Question3:0.0.1-SNAPSHOT @ C:\Users\fool\OneDrive\Desktop\AssignmentGoldiLocks\Question3\Question3\pom.xml.
2023-09-08 22:03:12,364 [Worker-14: Building] WARN  o.e.m.c.i.embedder.EclipseLogger - Using platform encoding (Cp1252 actually) to copy filtered resources, i.e. build is platform dependent!
2023-09-08 22:03:12,380 [Worker-14: Building] INFO  o.e.m.c.i.embedder.EclipseLogger - Copying 0 resource
2023-09-08 22:03:12,381 [Worker-14: Building] WARN  o.e.m.c.i.embedder.EclipseLogger - Using platform encoding (Cp1252 actually) to copy filtered resources, i.e. build is platform dependent!
2023-09-08 22:03:12,381 [Worker-14: Building] INFO  o.e.m.c.i.embedder.EclipseLogger - Copying 0 resource
2023-09-08 22:03:31,470 [Worker-18: Updating Maven Project] INFO  o.e.m.c.i.p.ProjectConfigurationManager - Update started
2023-09-08 22:03:31,827 [Worker-18: Updating Maven Project] INFO  o.e.m.c.i.l.LifecycleMappingFactory - Using org.eclipse.m2e.jdt.JarLifecycleMapping lifecycle mapping for MavenProject: com.goldilocks:Question3:0.0.1-SNAPSHOT @ C:\Users\fool\OneDrive\Desktop\AssignmentGoldiLocks\Question3\Question3\pom.xml.
2023-09-08 22:03:31,952 [Worker-18: Updating Maven Project] INFO  o.e.m.j.i.AbstractJavaProjectConfigurator - Adding source folder /Question3/src/main/java
2023-09-08 22:03:31,953 [Worker-18: Updating Maven Project] INFO  o.e.m.j.i.AbstractJavaProjectConfigurator - Adding resource folder /Question3/src/main/resources
2023-09-08 22:03:31,954 [Worker-18: Updating Maven Project] INFO  o.e.m.j.i.AbstractJavaProjectConfigurator - Adding source folder /Question3/src/test/java
2023-09-08 22:03:31,954 [Worker-18: Updating Maven Project] INFO  o.e.m.j.i.AbstractJavaProjectConfigurator - Adding resource folder /Question3/src/test/resources
2023-09-08 22:03:32,162 [Worker-18: Updating Maven Project] INFO  o.e.m.c.i.p.ProjectConfigurationManager - Update completed: 0 sec
2023-09-08 22:03:32,290 [Worker-17: Building] WARN  o.e.m.c.i.embedder.EclipseLogger - Using platform encoding (Cp1252 actually) to copy filtered resources, i.e. build is platform dependent!
2023-09-08 22:03:32,291 [Worker-17: Building] INFO  o.e.m.c.i.embedder.EclipseLogger - Copying 0 resource
2023-09-08 22:03:32,294 [Worker-17: Building] WARN  o.e.m.c.i.embedder.EclipseLogger - Using platform encoding (Cp1252 actually) to copy filtered resources, i.e. build is platform dependent!
2023-09-08 22:03:32,296 [Worker-17: Building] INFO  o.e.m.c.i.embedder.EclipseLogger - Copying 0 resource
2023-09-08 22:24:40,534 [Worker-18: Building] WARN  o.e.m.c.i.embedder.EclipseLogger - Using platform encoding (Cp1252 actually) to copy filtered resources, i.e. build is platform dependent!
2023-09-08 22:24:40,545 [Worker-18: Building] INFO  o.e.m.c.i.embedder.EclipseLogger - Copying 0 resource
2023-09-08 22:24:40,547 [Worker-18: Building] WARN  o.e.m.c.i.embedder.EclipseLogger - Using platform encoding (Cp1252 actually) to copy filtered resources, i.e. build is platform dependent!
2023-09-08 22:24:40,550 [Worker-18: Building] INFO  o.e.m.c.i.embedder.EclipseLogger - Copying 0 resource
2023-09-09 09:27:33,393 [Worker-32: Building] WARN  o.e.m.c.i.embedder.EclipseLogger - Using platform encoding (Cp1252 actually) to copy filtered resources, i.e. build is platform dependent!
2023-09-09 09:27:33,397 [Worker-32: Building] INFO  o.e.m.c.i.embedder.EclipseLogger - Copying 0 resource
2023-09-09 09:27:33,400 [Worker-32: Building] WARN  o.e.m.c.i.embedder.EclipseLogger - Using platform encoding (Cp1252 actually) to copy filtered resources, i.e. build is platform dependent!
2023-09-09 09:27:33,404 [Worker-32: Building] INFO  o.e.m.c.i.embedder.EclipseLogger - Copying 0 resource
2023-09-09 14:43:56,497 [Worker-1: Loading available Gradle versions] INFO  o.e.b.c.i.u.g.PublishedGradleVersions - Gradle version information cache is up-to-date. Trying to read.
